<?xml version="1.0" encoding="UTF-8"?>
<!-- Generated by org.testng.reporters.JUnitReportReporter -->
<testsuite skipped="0" hostname="TYSS-Vijayalaxmi" name="Sample_Maven.Create" tests="1" failures="0" timestamp="2023-08-18T17:06:13 IST" time="0.007" errors="0">
  <testcase name="createTest" time="0.007" classname="Sample_Maven.Create"/>
  <system-out/>
</testsuite> <!-- Sample_Maven.Create -->
